[ 2024-07-28 01:25:50,908 ] 34 root - INFO - Starting data ingestion
[ 2024-07-28 01:25:50,939 ] 32 root - INFO - Exporting data from mongodb to feature store
[ 2024-07-28 01:25:50,939 ] 18 root - INFO - Retrieved MongoDB URL: mongodb+srv://kelkarork0308:jairamjiki@cluster0.7ydepdv.mongodb.net/?retryWrites=true&w=majority&appName=Cluster0
[ 2024-07-28 01:27:29,265 ] 60 root - INFO - Performed train test split on the dataframe
[ 2024-07-28 01:27:29,265 ] 62 root - INFO - Exited split_data_as_train_test method of Data_Ingestion class
[ 2024-07-28 01:27:29,266 ] 70 root - INFO - Exporting train and test file path.
[ 2024-07-28 01:27:34,588 ] 80 root - INFO - Exported train and test file path.
[ 2024-07-28 01:27:34,797 ] 40 root - INFO - Data ingestion completed and artifact: DataIngestionArtifact(trained_file_path='artifact\\07_28_2024_01_25_50\\data_ingestion\\ingested\\train.csv', test_file_path='artifact\\07_28_2024_01_25_50\\data_ingestion\\ingested\\test.csv')
[ 2024-07-28 01:27:35,651 ] 35 root - INFO - Required number of columns: 164
[ 2024-07-28 01:27:35,651 ] 36 root - INFO - Data frame has columns: 164
[ 2024-07-28 01:27:35,651 ] 35 root - INFO - Required number of columns: 164
[ 2024-07-28 01:27:35,651 ] 36 root - INFO - Data frame has columns: 164
[ 2024-07-28 01:27:35,651 ] 57 root - INFO - Missing numerical columns: [[]]
[ 2024-07-28 01:27:35,653 ] 57 root - INFO - Missing numerical columns: [[]]
[ 2024-07-28 01:27:35,899 ] 148 root - INFO - Data validation artifact: DataValidationArtifact(validation_status=False, valid_train_file_path='artifact\\07_28_2024_01_25_50\\data_ingestion\\ingested\\train.csv', valid_test_file_path='artifact\\07_28_2024_01_25_50\\data_ingestion\\ingested\\test.csv', invalid_train_file_path=None, invalid_test_file_path=None, drift_report_file_path='artifact\\07_28_2024_01_25_50\\data_validation\\drift_report\\report.yaml')
[ 2024-07-28 01:27:56,630 ] 67 root - INFO - Entered the save_object method of MainUtils class
[ 2024-07-28 01:27:56,634 ] 71 root - INFO - Exited the save_object method of MainUtils class
[ 2024-07-28 01:27:56,634 ] 137 root - INFO - Data transformation artifact: DataTransformationArtifact(transformed_object_file_path='artifact\\07_28_2024_01_25_50\\data_transformation\\transformed_object\\preprocessing.pkl', transformed_train_file_path='artifact\\07_28_2024_01_25_50\\data_transformation\\transformed\\train.npy', transformed_test_file_path='artifact\\07_28_2024_01_25_50\\data_transformation\\transformed\\test.npy')
[ 2024-07-28 01:28:28,916 ] 67 root - INFO - Entered the save_object method of MainUtils class
[ 2024-07-28 01:28:28,927 ] 71 root - INFO - Exited the save_object method of MainUtils class
[ 2024-07-28 01:28:28,929 ] 90 root - INFO - Model trainer artifact: ModelTrainerArtifact(trained_model_file_path='artifact\\07_28_2024_01_25_50\\model_trainer\\trained_model\\model.pkl', train_metric_artifact=ClassificationMetricArtifact(f1_score=np.float64(0.9999821552847125), precision_score=np.float64(1.0), recall_score=np.float64(0.9999643112062813)), test_metric_artifact=ClassificationMetricArtifact(f1_score=np.float64(0.9832127351664255), precision_score=np.float64(0.9947291361639824), recall_score=np.float64(0.9719599427753934)))
[ 2024-07-28 01:28:29,786 ] 75 root - INFO - Model evaluation artifact: ModelEvaluationArtifact(is_model_accepted=True, improved_accuracy=None, best_model_path=None, trained_model_path='artifact\\07_28_2024_01_25_50\\model_trainer\\trained_model\\model.pkl', train_model_metric_artifact=ClassificationMetricArtifact(f1_score=np.float64(0.9832127351664255), precision_score=np.float64(0.9947291361639824), recall_score=np.float64(0.9719599427753934)), best_model_metric_artifact=None)
